[35m[1mScanning dependencies of target _package_1_generate_messages_check_deps_Custom[0m
[35m[1mScanning dependencies of target std_msgs_generate_messages_eus[0m
[35m[1mScanning dependencies of target std_msgs_generate_messages_nodejs[0m
[35m[1mScanning dependencies of target geometry_msgs_generate_messages_eus[0m
[35m[1mScanning dependencies of target geometry_msgs_generate_messages_cpp[0m
[35m[1mScanning dependencies of target std_msgs_generate_messages_py[0m
[35m[1mScanning dependencies of target geometry_msgs_generate_messages_nodejs[0m
[35m[1mScanning dependencies of target geometry_msgs_generate_messages_py[0m
[35m[1mScanning dependencies of target std_msgs_generate_messages_cpp[0m
[35m[1mScanning dependencies of target geometry_msgs_generate_messages_lisp[0m
[35m[1mScanning dependencies of target std_msgs_generate_messages_lisp[0m
[  0%] Built target geometry_msgs_generate_messages_eus
[  0%] Built target std_msgs_generate_messages_nodejs
[  0%] Built target std_msgs_generate_messages_eus
[  0%] Built target geometry_msgs_generate_messages_cpp
[  0%] Built target std_msgs_generate_messages_py
[  0%] Built target geometry_msgs_generate_messages_py
[  0%] Built target geometry_msgs_generate_messages_nodejs
[  0%] Built target std_msgs_generate_messages_cpp
[  0%] Built target geometry_msgs_generate_messages_lisp
[  0%] Built target std_msgs_generate_messages_lisp
[  0%] Built target _package_1_generate_messages_check_deps_Custom
[35m[1mScanning dependencies of target package_1_generate_messages_eus[0m
[35m[1mScanning dependencies of target package_1_generate_messages_nodejs[0m
[35m[1mScanning dependencies of target package_1_generate_messages_py[0m
[35m[1mScanning dependencies of target package_1_generate_messages_cpp[0m
[35m[1mScanning dependencies of target package_1_generate_messages_lisp[0m
[ 57%] [34m[1mGenerating Lisp code from package_1/Custom.msg[0m
[ 57%] [34m[1mGenerating Javascript code from package_1/Custom.msg[0m
[ 71%] [34m[1mGenerating EusLisp code from package_1/Custom.msg[0m
[ 57%] [34m[1mGenerating C++ code from package_1/Custom.msg[0m
[ 71%] [34m[1mGenerating EusLisp manifest code for package_1[0m
[ 85%] [34m[1mGenerating Python from MSG package_1/Custom[0m
[ 85%] Built target package_1_generate_messages_nodejs
[ 85%] Built target package_1_generate_messages_lisp
[ 85%] Built target package_1_generate_messages_cpp
[100%] [34m[1mGenerating Python msg __init__.py for package_1[0m
[100%] Built target package_1_generate_messages_eus
[100%] Built target package_1_generate_messages_py
[35m[1mScanning dependencies of target package_1_generate_messages[0m
[100%] Built target package_1_generate_messages
